<?xml version="1.0" encoding="UTF-8"?>
<!-- Generated by org.testng.reporters.JUnitXMLReporter -->
<testsuite ignored="3" hostname="LAPTOP-N6PADTDN" failures="0" tests="1" name="Default test(failed)" time="0.018" errors="0" timestamp="16 Jul 2022 12:38:24 GMT">
  <testcase classname="testngtags.TestNGClass1" name="deer1" time="0.004"/>
  <testcase classname="testngtags.TestNGClass1" name="dog" time="0.0">
    <ignored/>
  </testcase> <!-- dog -->
  <testcase classname="testngtags.TestNGClass1" name="cat" time="0.0">
    <ignored/>
  </testcase> <!-- cat -->
  <testcase classname="testngtags.TestNGClass1" name="deer" time="0.0">
    <ignored/>
  </testcase> <!-- deer -->
</testsuite> <!-- Default test(failed) -->
