<?xml version="1.0" encoding="UTF-8"?>
<!-- Generated by org.testng.reporters.JUnitXMLReporter -->
<testsuite ignored="0" hostname="LAPTOP-N6PADTDN" failures="0" tests="4" name="Default test" time="0.078" errors="0" timestamp="2022-04-09T22:24:40 IST">
  <testcase classname="testsuite.TestClass2" name="login" time="0.006"/>
  <testcase classname="testsuite.TestClass2" name="addtocart" time="0.002"/>
  <testcase classname="testsuite.TestClass2" name="payment" time="0.002"/>
  <testcase classname="testsuite.TestClass2" name="checkout" time="0.001"/>
</testsuite> <!-- Default test -->
