<?xml version="1.0" encoding="UTF-8"?>
<!-- Generated by org.testng.reporters.JUnitXMLReporter -->
<testsuite ignored="0" hostname="LAPTOP-N6PADTDN" failures="0" tests="4" name="Test" time="0.026" errors="0" timestamp="15 Jul 2022 13:28:47 GMT">
  <testcase classname="testngtags.TestNGClass1" name="dog" time="0.003"/>
  <testcase classname="testngtags.TestNGClass1" name="deer" time="0.001"/>
  <testcase classname="properties.PropertyTestClass" name="test" time="0.002"/>
  <testcase classname="testngtags.TestNGClass1" name="cat" time="0.001"/>
</testsuite> <!-- Test -->
