<?xml version="1.0" encoding="UTF-8"?>
<testng-results ignored="0" total="1" passed="1" failed="0" skipped="0">
  <reporter-output>
  </reporter-output>
  <suite started-at="2022-03-19T20:20:52 IST" name="Default suite" finished-at="2022-03-19T20:20:53 IST" duration-ms="377">
    <groups>
    </groups>
    <test started-at="2022-03-19T20:20:52 IST" name="Default test" finished-at="2022-03-19T20:20:53 IST" duration-ms="377">
      <class name="db.DBTestClass">
        <test-method signature="getEmployeesFromDataBase()[pri:0, instance:db.DBTestClass@21e360a]" started-at="2022-03-19T20:20:52 IST" name="getEmployeesFromDataBase" finished-at="2022-03-19T20:20:53 IST" duration-ms="350" status="PASS">
          <reporter-output>
          </reporter-output>
        </test-method> <!-- getEmployeesFromDataBase -->
      </class> <!-- db.DBTestClass -->
    </test> <!-- Default test -->
  </suite> <!-- Default suite -->
</testng-results>
