<?xml version="1.0" encoding="UTF-8"?>
<testng-results ignored="0" total="4" passed="4" failed="0" skipped="0">
  <reporter-output>
  </reporter-output>
  <suite started-at="2022-04-09T22:24:40 IST" name="Default suite" finished-at="2022-04-09T22:24:40 IST" duration-ms="78">
    <groups>
    </groups>
    <test started-at="2022-04-09T22:24:40 IST" name="Default test" finished-at="2022-04-09T22:24:40 IST" duration-ms="78">
      <class name="testsuite.TestClass2">
        <test-method is-config="true" signature="beforeClass()[pri:0, instance:testsuite.TestClass2@48aca48b]" started-at="2022-04-09T22:24:40 IST" name="beforeClass" finished-at="2022-04-09T22:24:40 IST" duration-ms="7" status="PASS">
          <reporter-output>
          </reporter-output>
        </test-method> <!-- beforeClass -->
        <test-method is-config="true" signature="beforeMethod()[pri:0, instance:testsuite.TestClass2@48aca48b]" started-at="2022-04-09T22:24:40 IST" name="beforeMethod" finished-at="2022-04-09T22:24:40 IST" duration-ms="0" status="PASS">
          <reporter-output>
          </reporter-output>
        </test-method> <!-- beforeMethod -->
        <test-method signature="login()[pri:0, instance:testsuite.TestClass2@48aca48b]" started-at="2022-04-09T22:24:40 IST" name="login" finished-at="2022-04-09T22:24:40 IST" duration-ms="6" status="PASS">
          <reporter-output>
          </reporter-output>
        </test-method> <!-- login -->
        <test-method is-config="true" signature="afterMethod()[pri:0, instance:testsuite.TestClass2@48aca48b]" started-at="2022-04-09T22:24:40 IST" name="afterMethod" finished-at="2022-04-09T22:24:40 IST" duration-ms="0" status="PASS">
          <reporter-output>
          </reporter-output>
        </test-method> <!-- afterMethod -->
        <test-method signature="addtocart()[pri:2, instance:testsuite.TestClass2@48aca48b]" started-at="2022-04-09T22:24:40 IST" name="addtocart" finished-at="2022-04-09T22:24:40 IST" duration-ms="2" status="PASS">
          <reporter-output>
          </reporter-output>
        </test-method> <!-- addtocart -->
        <test-method is-config="true" signature="beforeMethod()[pri:0, instance:testsuite.TestClass2@48aca48b]" started-at="2022-04-09T22:24:40 IST" name="beforeMethod" finished-at="2022-04-09T22:24:40 IST" duration-ms="0" status="PASS">
          <reporter-output>
          </reporter-output>
        </test-method> <!-- beforeMethod -->
        <test-method is-config="true" signature="afterMethod()[pri:0, instance:testsuite.TestClass2@48aca48b]" started-at="2022-04-09T22:24:40 IST" name="afterMethod" finished-at="2022-04-09T22:24:40 IST" duration-ms="0" status="PASS">
          <reporter-output>
          </reporter-output>
        </test-method> <!-- afterMethod -->
        <test-method signature="payment()[pri:0, instance:testsuite.TestClass2@48aca48b]" started-at="2022-04-09T22:24:40 IST" name="payment" finished-at="2022-04-09T22:24:40 IST" depends-on-methods="testsuite.TestClass2.addtocart" duration-ms="2" status="PASS">
          <reporter-output>
          </reporter-output>
        </test-method> <!-- payment -->
        <test-method is-config="true" signature="beforeMethod()[pri:0, instance:testsuite.TestClass2@48aca48b]" started-at="2022-04-09T22:24:40 IST" name="beforeMethod" finished-at="2022-04-09T22:24:40 IST" duration-ms="0" status="PASS">
          <reporter-output>
          </reporter-output>
        </test-method> <!-- beforeMethod -->
        <test-method is-config="true" signature="afterMethod()[pri:0, instance:testsuite.TestClass2@48aca48b]" started-at="2022-04-09T22:24:40 IST" name="afterMethod" finished-at="2022-04-09T22:24:40 IST" duration-ms="1" status="PASS">
          <reporter-output>
          </reporter-output>
        </test-method> <!-- afterMethod -->
        <test-method signature="checkout()[pri:0, instance:testsuite.TestClass2@48aca48b]" started-at="2022-04-09T22:24:40 IST" name="checkout" finished-at="2022-04-09T22:24:40 IST" depends-on-methods="testsuite.TestClass2.payment" duration-ms="1" status="PASS">
          <reporter-output>
          </reporter-output>
        </test-method> <!-- checkout -->
        <test-method is-config="true" signature="beforeMethod()[pri:0, instance:testsuite.TestClass2@48aca48b]" started-at="2022-04-09T22:24:40 IST" name="beforeMethod" finished-at="2022-04-09T22:24:40 IST" duration-ms="0" status="PASS">
          <reporter-output>
          </reporter-output>
        </test-method> <!-- beforeMethod -->
        <test-method is-config="true" signature="afterMethod()[pri:0, instance:testsuite.TestClass2@48aca48b]" started-at="2022-04-09T22:24:40 IST" name="afterMethod" finished-at="2022-04-09T22:24:40 IST" duration-ms="0" status="PASS">
          <reporter-output>
          </reporter-output>
        </test-method> <!-- afterMethod -->
        <test-method is-config="true" signature="afterClass()[pri:0, instance:testsuite.TestClass2@48aca48b]" started-at="2022-04-09T22:24:40 IST" name="afterClass" finished-at="2022-04-09T22:24:40 IST" duration-ms="0" status="PASS">
          <reporter-output>
          </reporter-output>
        </test-method> <!-- afterClass -->
      </class> <!-- testsuite.TestClass2 -->
    </test> <!-- Default test -->
  </suite> <!-- Default suite -->
</testng-results>
